This is e-pTeX, Version 3.14159265-p3.7.1-161114-2.6 (utf8.sjis) (TeX Live 2017/W32TeX) (preloaded format=platex 2018.4.24)  11 JAN 2019 13:55
entering extended mode
 restricted \write18 enabled.
 %&-line parsing enabled.
**./robokon.tex
(./robokon.tex
pLaTeX2e <2017/05/05> (based on LaTeX2e <2017-04-15>)
Babel <3.10> and hyphenation patterns for 84 language(s) loaded.
! Undefined control sequence.
l.2 \chapter
            {全日本学生飛行ロボットコンテスト}
? 
! Emergency stop.
l.2 \chapter
            {全日本学生飛行ロボットコンテスト}
End of file on the terminal!

 
Here is how much of TeX's memory you used:
 4 strings out of 493653
 44 string characters out of 6151895
 54385 words of memory out of 5000000
 3690 multiletter control sequences out of 15000+600000
 7511 words of font info for 31 fonts, out of 8000000 for 9000
 929 hyphenation exceptions out of 8191
 5i,0n,3p,58b,8s stack positions out of 5000i,500n,10000p,200000b,80000s
No pages of output.
